<?xml version="1.0" encoding="UTF-8"?>
<!-- Generated by org.testng.reporters.JUnitReportReporter -->
<testsuite hostname="ramme" failures="0" tests="1" name="Hybrid.TesterLogin" time="20.368" errors="0" timestamp="30 Sep 2019 19:25:06 GMT" skipped="0">
  <testcase classname="Hybrid.TesterLogin" name="OpenUrl" time="20.368"/>
</testsuite> <!-- Hybrid.TesterLogin -->
