<?xml version="1.0" encoding="UTF-8"?>
<!-- Generated by org.testng.reporters.JUnitReportReporter -->
<testsuite skipped="0" hostname="TP6BVDIW7DEV288" name="Hybrid.TesterLogin" tests="1" failures="0" timestamp="30 Sep 2019 14:48:02 GMT" time="7.435" errors="0">
  <testcase name="OpenUrl" time="7.435" classname="Hybrid.TesterLogin"/>
</testsuite> <!-- Hybrid.TesterLogin -->
