<?xml version="1.0" encoding="UTF-8"?>
<!-- Generated by org.testng.reporters.JUnitReportReporter -->
<testsuite skipped="0" hostname="TP6BVDIW7DEV288" name="Hybrid.SecondLogin" tests="1" failures="0" timestamp="03 Oct 2019 12:57:39 GMT" time="27.185" errors="0">
  <testcase name="ZE" time="27.185" classname="Hybrid.SecondLogin"/>
</testsuite> <!-- Hybrid.SecondLogin -->
