<?xml version="1.0" encoding="UTF-8"?>
<!-- Generated by org.testng.reporters.JUnitReportReporter -->
<testsuite skipped="0" hostname="TP6BVDIW7DEV288" name="Hybrid.TesterLogin" tests="1" failures="0" timestamp="01 Oct 2019 17:12:02 GMT" time="35.689" errors="0">
  <testcase name="OpenUrl" time="35.689" classname="Hybrid.TesterLogin"/>
</testsuite> <!-- Hybrid.TesterLogin -->
