<?xml version="1.0" encoding="UTF-8"?>
<!-- Generated by org.testng.reporters.JUnitReportReporter -->
<testsuite skipped="0" hostname="TP6BVDIW7DEV288" name="Hybrid.TesterLogin" tests="1" failures="0" timestamp="30 Sep 2019 16:24:45 GMT" time="6.524" errors="0">
  <testcase name="OpenUrl" time="6.524" classname="Hybrid.TesterLogin"/>
</testsuite> <!-- Hybrid.TesterLogin -->
